running egg_info
creating ../../build/ros_serail2wifi/ros_serail2wifi.egg-info
writing ../../build/ros_serail2wifi/ros_serail2wifi.egg-info/PKG-INFO
writing dependency_links to ../../build/ros_serail2wifi/ros_serail2wifi.egg-info/dependency_links.txt
writing entry points to ../../build/ros_serail2wifi/ros_serail2wifi.egg-info/entry_points.txt
writing requirements to ../../build/ros_serail2wifi/ros_serail2wifi.egg-info/requires.txt
writing top-level names to ../../build/ros_serail2wifi/ros_serail2wifi.egg-info/top_level.txt
writing manifest file '../../build/ros_serail2wifi/ros_serail2wifi.egg-info/SOURCES.txt'
reading manifest file '../../build/ros_serail2wifi/ros_serail2wifi.egg-info/SOURCES.txt'
writing manifest file '../../build/ros_serail2wifi/ros_serail2wifi.egg-info/SOURCES.txt'
running build
running build_py
creating /home/cat/fishbot_ws/build/ros_serail2wifi/build
creating /home/cat/fishbot_ws/build/ros_serail2wifi/build/lib
creating /home/cat/fishbot_ws/build/ros_serail2wifi/build/lib/ros_serail2wifi
copying ros_serail2wifi/tcpserver.py -> /home/cat/fishbot_ws/build/ros_serail2wifi/build/lib/ros_serail2wifi
copying ros_serail2wifi/__init__.py -> /home/cat/fishbot_ws/build/ros_serail2wifi/build/lib/ros_serail2wifi
running install
running install_lib
creating /home/cat/fishbot_ws/install/ros_serail2wifi/lib/python3.10/site-packages/ros_serail2wifi
copying /home/cat/fishbot_ws/build/ros_serail2wifi/build/lib/ros_serail2wifi/tcpserver.py -> /home/cat/fishbot_ws/install/ros_serail2wifi/lib/python3.10/site-packages/ros_serail2wifi
copying /home/cat/fishbot_ws/build/ros_serail2wifi/build/lib/ros_serail2wifi/__init__.py -> /home/cat/fishbot_ws/install/ros_serail2wifi/lib/python3.10/site-packages/ros_serail2wifi
byte-compiling /home/cat/fishbot_ws/install/ros_serail2wifi/lib/python3.10/site-packages/ros_serail2wifi/tcpserver.py to tcpserver.cpython-310.pyc
byte-compiling /home/cat/fishbot_ws/install/ros_serail2wifi/lib/python3.10/site-packages/ros_serail2wifi/__init__.py to __init__.cpython-310.pyc
running install_data
creating /home/cat/fishbot_ws/install/ros_serail2wifi/share/ament_index
creating /home/cat/fishbot_ws/install/ros_serail2wifi/share/ament_index/resource_index
creating /home/cat/fishbot_ws/install/ros_serail2wifi/share/ament_index/resource_index/packages
copying resource/ros_serail2wifi -> /home/cat/fishbot_ws/install/ros_serail2wifi/share/ament_index/resource_index/packages
copying package.xml -> /home/cat/fishbot_ws/install/ros_serail2wifi/share/ros_serail2wifi
running install_egg_info
Copying ../../build/ros_serail2wifi/ros_serail2wifi.egg-info to /home/cat/fishbot_ws/install/ros_serail2wifi/lib/python3.10/site-packages/ros_serail2wifi-0.0.0-py3.10.egg-info
running install_scripts
Installing tcp_server script to /home/cat/fishbot_ws/install/ros_serail2wifi/lib/ros_serail2wifi
writing list of installed files to '/home/cat/fishbot_ws/build/ros_serail2wifi/install.log'
