[0.135s] Invoking command in '/home/cat/fishbot_ws/build/fishbot_navigation2': CMAKE_PREFIX_PATH=${CMAKE_PREFIX_PATH}:/home/cat/fishbot_ws/install/ros_serail2wifi:/opt/ros/humble /usr/bin/cmake /home/cat/fishbot_ws/src/fishbot_navigation2 -DCMAKE_INSTALL_PREFIX=/home/cat/fishbot_ws/install/fishbot_navigation2
[1.810s] -- The C compiler identification is GNU 11.4.0
[1.811s] -- The CXX compiler identification is GNU 11.4.0
[1.811s] -- Detecting C compiler ABI info
[1.812s] -- Detecting C compiler ABI info - done
[1.813s] -- Check for working C compiler: /usr/bin/cc - skipped
[1.814s] -- Detecting C compile features
[1.825s] -- Detecting C compile features - done
[1.826s] -- Detecting CXX compiler ABI info
[1.827s] -- Detecting CXX compiler ABI info - done
[1.828s] -- Check for working CXX compiler: /usr/bin/c++ - skipped
[1.828s] -- Detecting CXX compile features
[1.829s] -- Detecting CXX compile features - done
[1.830s] -- Found ament_cmake: 1.3.12 (/opt/ros/humble/share/ament_cmake/cmake)
[2.476s] -- Found Python3: /usr/bin/python3 (found version "3.10.12") found components: Interpreter 
[3.013s] -- Found ament_lint_auto: 0.12.14 (/opt/ros/humble/share/ament_lint_auto/cmake)
[3.640s] -- Added test 'flake8' to check Python code syntax and style conventions
[3.642s] -- Added test 'lint_cmake' to check CMake code style
[3.643s] -- Added test 'pep257' to check Python code against some of the docstring style conventions in PEP 257
[3.646s] -- Added test 'xmllint' to check XML markup files
[3.652s] -- Configuring done
[3.663s] -- Generating done
[3.674s] -- Build files have been written to: /home/cat/fishbot_ws/build/fishbot_navigation2
[3.706s] Invoked command in '/home/cat/fishbot_ws/build/fishbot_navigation2' returned '0': CMAKE_PREFIX_PATH=${CMAKE_PREFIX_PATH}:/home/cat/fishbot_ws/install/ros_serail2wifi:/opt/ros/humble /usr/bin/cmake /home/cat/fishbot_ws/src/fishbot_navigation2 -DCMAKE_INSTALL_PREFIX=/home/cat/fishbot_ws/install/fishbot_navigation2
[3.709s] Invoking command in '/home/cat/fishbot_ws/build/fishbot_navigation2': CMAKE_PREFIX_PATH=${CMAKE_PREFIX_PATH}:/home/cat/fishbot_ws/install/ros_serail2wifi:/opt/ros/humble /usr/bin/cmake --build /home/cat/fishbot_ws/build/fishbot_navigation2 -- -j8 -l8
[3.854s] Invoked command in '/home/cat/fishbot_ws/build/fishbot_navigation2' returned '0': CMAKE_PREFIX_PATH=${CMAKE_PREFIX_PATH}:/home/cat/fishbot_ws/install/ros_serail2wifi:/opt/ros/humble /usr/bin/cmake --build /home/cat/fishbot_ws/build/fishbot_navigation2 -- -j8 -l8
[3.860s] Invoking command in '/home/cat/fishbot_ws/build/fishbot_navigation2': CMAKE_PREFIX_PATH=${CMAKE_PREFIX_PATH}:/home/cat/fishbot_ws/install/ros_serail2wifi:/opt/ros/humble /usr/bin/cmake --install /home/cat/fishbot_ws/build/fishbot_navigation2
[3.901s] -- Install configuration: ""
[3.902s] -- Installing: /home/cat/fishbot_ws/install/fishbot_navigation2/share/fishbot_navigation2/launch
[3.904s] -- Installing: /home/cat/fishbot_ws/install/fishbot_navigation2/share/fishbot_navigation2/launch/slam_toolbox.launch.py
[3.905s] -- Installing: /home/cat/fishbot_ws/install/fishbot_navigation2/share/fishbot_navigation2/launch/navigation2.launch.py
[3.907s] -- Installing: /home/cat/fishbot_ws/install/fishbot_navigation2/share/fishbot_navigation2/config
[3.908s] -- Installing: /home/cat/fishbot_ws/install/fishbot_navigation2/share/fishbot_navigation2/config/slam_toolbox.yaml
[3.910s] -- Installing: /home/cat/fishbot_ws/install/fishbot_navigation2/share/fishbot_navigation2/config/nav2_params.yaml
[3.911s] -- Installing: /home/cat/fishbot_ws/install/fishbot_navigation2/share/fishbot_navigation2/maps
[3.913s] -- Installing: /home/cat/fishbot_ws/install/fishbot_navigation2/share/fishbot_navigation2/maps/room.yaml
[3.914s] -- Installing: /home/cat/fishbot_ws/install/fishbot_navigation2/share/fishbot_navigation2/maps/room.pgm
[3.916s] -- Installing: /home/cat/fishbot_ws/install/fishbot_navigation2/share/ament_index/resource_index/package_run_dependencies/fishbot_navigation2
[3.918s] -- Installing: /home/cat/fishbot_ws/install/fishbot_navigation2/share/ament_index/resource_index/parent_prefix_path/fishbot_navigation2
[3.920s] -- Installing: /home/cat/fishbot_ws/install/fishbot_navigation2/share/fishbot_navigation2/environment/ament_prefix_path.sh
[3.922s] -- Installing: /home/cat/fishbot_ws/install/fishbot_navigation2/share/fishbot_navigation2/environment/ament_prefix_path.dsv
[3.923s] -- Installing: /home/cat/fishbot_ws/install/fishbot_navigation2/share/fishbot_navigation2/environment/path.sh
[3.925s] -- Installing: /home/cat/fishbot_ws/install/fishbot_navigation2/share/fishbot_navigation2/environment/path.dsv
[3.948s] -- Installing: /home/cat/fishbot_ws/install/fishbot_navigation2/share/fishbot_navigation2/local_setup.bash
[3.949s] -- Installing: /home/cat/fishbot_ws/install/fishbot_navigation2/share/fishbot_navigation2/local_setup.sh
[3.951s] -- Installing: /home/cat/fishbot_ws/install/fishbot_navigation2/share/fishbot_navigation2/local_setup.zsh
[3.952s] -- Installing: /home/cat/fishbot_ws/install/fishbot_navigation2/share/fishbot_navigation2/local_setup.dsv
[3.953s] -- Installing: /home/cat/fishbot_ws/install/fishbot_navigation2/share/fishbot_navigation2/package.dsv
[3.954s] -- Installing: /home/cat/fishbot_ws/install/fishbot_navigation2/share/ament_index/resource_index/packages/fishbot_navigation2
[3.956s] -- Installing: /home/cat/fishbot_ws/install/fishbot_navigation2/share/fishbot_navigation2/cmake/fishbot_navigation2Config.cmake
[3.957s] -- Installing: /home/cat/fishbot_ws/install/fishbot_navigation2/share/fishbot_navigation2/cmake/fishbot_navigation2Config-version.cmake
[3.958s] -- Installing: /home/cat/fishbot_ws/install/fishbot_navigation2/share/fishbot_navigation2/package.xml
[3.970s] Invoked command in '/home/cat/fishbot_ws/build/fishbot_navigation2' returned '0': CMAKE_PREFIX_PATH=${CMAKE_PREFIX_PATH}:/home/cat/fishbot_ws/install/ros_serail2wifi:/opt/ros/humble /usr/bin/cmake --install /home/cat/fishbot_ws/build/fishbot_navigation2
