[0.132s] Invoking command in '/home/cat/fishbot_ws/build/fishbot_bringup': CMAKE_PREFIX_PATH=${CMAKE_PREFIX_PATH}:/home/cat/fishbot_ws/install/ros_serail2wifi:/opt/ros/humble /usr/bin/cmake /home/cat/fishbot_ws/src/fishbot_bringup -DCMAKE_INSTALL_PREFIX=/home/cat/fishbot_ws/install/fishbot_bringup
[1.804s] -- The C compiler identification is GNU 11.4.0
[1.805s] -- The CXX compiler identification is GNU 11.4.0
[1.805s] -- Detecting C compiler ABI info
[1.806s] -- Detecting C compiler ABI info - done
[1.806s] -- Check for working C compiler: /usr/bin/cc - skipped
[1.807s] -- Detecting C compile features
[1.808s] -- Detecting C compile features - done
[1.808s] -- Detecting CXX compiler ABI info
[1.809s] -- Detecting CXX compiler ABI info - done
[1.809s] -- Check for working CXX compiler: /usr/bin/c++ - skipped
[1.810s] -- Detecting CXX compile features
[1.811s] -- Detecting CXX compile features - done
[1.811s] -- Found ament_cmake: 1.3.12 (/opt/ros/humble/share/ament_cmake/cmake)
[2.602s] -- Found Python3: /usr/bin/python3 (found version "3.10.12") found components: Interpreter 
[3.309s] -- Found ament_lint_auto: 0.12.14 (/opt/ros/humble/share/ament_lint_auto/cmake)
[3.968s] -- Found rclcpp: 16.0.15 (/opt/ros/humble/share/rclcpp/cmake)
[4.142s] -- Found rosidl_generator_c: 3.1.7 (/opt/ros/humble/share/rosidl_generator_c/cmake)
[4.161s] -- Found rosidl_adapter: 3.1.7 (/opt/ros/humble/share/rosidl_adapter/cmake)
[4.200s] -- Found rosidl_generator_cpp: 3.1.7 (/opt/ros/humble/share/rosidl_generator_cpp/cmake)
[4.263s] -- Using all available rosidl_typesupport_c: rosidl_typesupport_fastrtps_c;rosidl_typesupport_introspection_c
[4.338s] -- Using all available rosidl_typesupport_cpp: rosidl_typesupport_fastrtps_cpp;rosidl_typesupport_introspection_cpp
[4.558s] -- Found rmw_implementation_cmake: 6.1.2 (/opt/ros/humble/share/rmw_implementation_cmake/cmake)
[4.569s] -- Found rmw_fastrtps_cpp: 6.2.9 (/opt/ros/humble/share/rmw_fastrtps_cpp/cmake)
[4.961s] -- Found OpenSSL: /usr/lib/aarch64-linux-gnu/libcrypto.so (found version "3.0.2")  
[5.076s] -- Found FastRTPS: /opt/ros/humble/include  
[5.217s] -- Using RMW implementation 'rmw_fastrtps_cpp' as default
[5.245s] -- Looking for pthread.h
[5.627s] -- Looking for pthread.h - found
[5.629s] -- Performing Test CMAKE_HAVE_LIBC_PTHREAD
[5.961s] -- Performing Test CMAKE_HAVE_LIBC_PTHREAD - Success
[5.966s] -- Found Threads: TRUE  
[6.220s] -- Found tf2: 0.25.16 (/opt/ros/humble/share/tf2/cmake)
[6.305s] -- Found tf2_ros: 0.25.16 (/opt/ros/humble/share/tf2_ros/cmake)
[6.653s] -- Found nav_msgs: 4.9.0 (/opt/ros/humble/share/nav_msgs/cmake)
[6.737s] -- Added test 'cppcheck' to perform static code analysis on C / C++ code
[6.738s] -- Configured cppcheck include dirs: 
[6.739s] -- Configured cppcheck exclude dirs and/or files: 
[6.741s] -- Added test 'flake8' to check Python code syntax and style conventions
[6.742s] -- Added test 'lint_cmake' to check CMake code style
[6.744s] -- Added test 'pep257' to check Python code against some of the docstring style conventions in PEP 257
[6.748s] -- Added test 'uncrustify' to check C / C++ code style
[6.748s] -- Configured uncrustify additional arguments: 
[6.749s] -- Added test 'xmllint' to check XML markup files
[6.753s] -- Configuring done
[6.784s] -- Generating done
[6.802s] -- Build files have been written to: /home/cat/fishbot_ws/build/fishbot_bringup
[6.843s] Invoked command in '/home/cat/fishbot_ws/build/fishbot_bringup' returned '0': CMAKE_PREFIX_PATH=${CMAKE_PREFIX_PATH}:/home/cat/fishbot_ws/install/ros_serail2wifi:/opt/ros/humble /usr/bin/cmake /home/cat/fishbot_ws/src/fishbot_bringup -DCMAKE_INSTALL_PREFIX=/home/cat/fishbot_ws/install/fishbot_bringup
[6.849s] Invoking command in '/home/cat/fishbot_ws/build/fishbot_bringup': CMAKE_PREFIX_PATH=${CMAKE_PREFIX_PATH}:/home/cat/fishbot_ws/install/ros_serail2wifi:/opt/ros/humble /usr/bin/cmake --build /home/cat/fishbot_ws/build/fishbot_bringup -- -j8 -l8
[7.049s] [ 50%] [32mBuilding CXX object CMakeFiles/odom2tf.dir/src/odom2tf.cpp.o[0m
