-- The C compiler identification is GNU 11.4.0
-- The CXX compiler identification is GNU 11.4.0
-- Detecting C compiler ABI info
-- Detecting C compiler ABI info - done
-- Check for working C compiler: /usr/bin/cc - skipped
-- Detecting C compile features
-- Detecting C compile features - done
-- Detecting CXX compiler ABI info
-- Detecting CXX compiler ABI info - done
-- Check for working CXX compiler: /usr/bin/c++ - skipped
-- Detecting CXX compile features
-- Detecting CXX compile features - done
-- Found ament_cmake: 1.3.12 (/opt/ros/humble/share/ament_cmake/cmake)
-- Found Python3: /usr/bin/python3 (found version "3.10.12") found components: Interpreter 
-- Found rclcpp: 16.0.15 (/opt/ros/humble/share/rclcpp/cmake)
-- Found rosidl_generator_c: 3.1.7 (/opt/ros/humble/share/rosidl_generator_c/cmake)
-- Found rosidl_adapter: 3.1.7 (/opt/ros/humble/share/rosidl_adapter/cmake)
-- Found rosidl_generator_cpp: 3.1.7 (/opt/ros/humble/share/rosidl_generator_cpp/cmake)
-- Using all available rosidl_typesupport_c: rosidl_typesupport_fastrtps_c;rosidl_typesupport_introspection_c
-- Using all available rosidl_typesupport_cpp: rosidl_typesupport_fastrtps_cpp;rosidl_typesupport_introspection_cpp
-- Found rmw_implementation_cmake: 6.1.2 (/opt/ros/humble/share/rmw_implementation_cmake/cmake)
-- Found rmw_fastrtps_cpp: 6.2.9 (/opt/ros/humble/share/rmw_fastrtps_cpp/cmake)
-- Found OpenSSL: /usr/lib/aarch64-linux-gnu/libcrypto.so (found version "3.0.2")  
-- Found FastRTPS: /opt/ros/humble/include  
-- Using RMW implementation 'rmw_fastrtps_cpp' as default
-- Looking for pthread.h
-- Looking for pthread.h - found
-- Performing Test CMAKE_HAVE_LIBC_PTHREAD
-- Performing Test CMAKE_HAVE_LIBC_PTHREAD - Success
-- Found Threads: TRUE  
-- Found sensor_msgs: 4.9.0 (/opt/ros/humble/share/sensor_msgs/cmake)
-- Found visualization_msgs: 4.9.0 (/opt/ros/humble/share/visualization_msgs/cmake)
-- Found std_srvs: 4.9.0 (/opt/ros/humble/share/std_srvs/cmake)
-- Found ament_lint_auto: 0.12.14 (/opt/ros/humble/share/ament_lint_auto/cmake)
-- Added test 'copyright' to check source files copyright and LICENSE
-- Added test 'cppcheck' to perform static code analysis on C / C++ code
-- Configured cppcheck include dirs: /home/cat/fishbot_ws/src/ydlidar_ros2/.;/home/cat/fishbot_ws/src/ydlidar_ros2/sdk/core;/home/cat/fishbot_ws/src/ydlidar_ros2/sdk/src;/home/cat/fishbot_ws/src/ydlidar_ros2/sdk/core/common;/home/cat/fishbot_ws/src/ydlidar_ros2/sdk;/home/cat/fishbot_ws/src/ydlidar_ros2/src
-- Configured cppcheck exclude dirs and/or files: 
-- Added test 'cpplint' to check C / C++ code against the Google style
-- Configured cpplint exclude dirs and/or files: 
-- Added test 'flake8' to check Python code syntax and style conventions
-- Added test 'lint_cmake' to check CMake code style
-- Added test 'pep257' to check Python code against some of the docstring style conventions in PEP 257
-- Added test 'uncrustify' to check C / C++ code style
-- Configured uncrustify additional arguments: 
-- Added test 'xmllint' to check XML markup files
-- Configuring done
-- Generating done
-- Build files have been written to: /home/cat/fishbot_ws/build/ydlidar
[  8%] [32mBuilding CXX object CMakeFiles/ydlidar_node.dir/src/ydlidar_node.cpp.o[0m
[  8%] [32mBuilding CXX object CMakeFiles/ydlidar_node.dir/sdk/core/base/timer.cpp.o[0m
[ 12%] [32mBuilding C object CMakeFiles/ydlidar_node.dir/sdk/core/json/cJSON.c.o[0m
[ 16%] [32mBuilding CXX object CMakeFiles/ydlidar_node.dir/sdk/core/common/ydlidar_def.cpp.o[0m
[ 20%] [32mBuilding CXX object CMakeFiles/ydlidar_node.dir/sdk/core/network/ActiveSocket.cpp.o[0m
[ 25%] [32mBuilding CXX object CMakeFiles/ydlidar_client.dir/src/ydlidar_client.cpp.o[0m
[ 29%] [32mBuilding CXX object CMakeFiles/ydlidar_node.dir/sdk/core/network/PassiveSocket.cpp.o[0m
[ 33%] [32mBuilding CXX object CMakeFiles/ydlidar_node.dir/sdk/core/network/SimpleSocket.cpp.o[0m
[ 37%] [32mBuilding C object CMakeFiles/ydlidar_node.dir/sdk/core/serial/impl/unix/lock.c.o[0m
[ 41%] [32mBuilding CXX object CMakeFiles/ydlidar_node.dir/sdk/core/serial/impl/unix/list_ports_linux.cpp.o[0m
[ 45%] [32mBuilding CXX object CMakeFiles/ydlidar_node.dir/sdk/core/serial/impl/unix/unix_serial.cpp.o[0m
[ 50%] [32mBuilding CXX object CMakeFiles/ydlidar_node.dir/sdk/core/serial/serial.cpp.o[0m
[ 54%] [32mBuilding CXX object CMakeFiles/ydlidar_node.dir/sdk/src/CYdLidar.cpp.o[0m
[ 58%] [32mBuilding CXX object CMakeFiles/ydlidar_node.dir/sdk/src/DTSLidarDriver.cpp.o[0m
[ 62%] [32mBuilding CXX object CMakeFiles/ydlidar_node.dir/sdk/src/ETLidarDriver.cpp.o[0m
[ 66%] [32mBuilding CXX object CMakeFiles/ydlidar_node.dir/sdk/src/GSLidarDriver.cpp.o[0m
[ 70%] [32m[1mLinking CXX executable ydlidar_client[0m
[ 75%] [32mBuilding CXX object CMakeFiles/ydlidar_node.dir/sdk/src/SDMLidarDriver.cpp.o[0m
[ 79%] [32mBuilding CXX object CMakeFiles/ydlidar_node.dir/sdk/src/TiaLidarDriver.cpp.o[0m
[ 83%] [32mBuilding CXX object CMakeFiles/ydlidar_node.dir/sdk/src/YDlidarDriver.cpp.o[0m
[ 87%] [32mBuilding CXX object CMakeFiles/ydlidar_node.dir/sdk/src/ydlidar_sdk.cpp.o[0m
[ 91%] [32mBuilding CXX object CMakeFiles/ydlidar_node.dir/sdk/src/filters/NoiseFilter.cpp.o[0m
[ 95%] [32mBuilding CXX object CMakeFiles/ydlidar_node.dir/sdk/src/filters/StrongLightFilter.cpp.o[0m
[100%] [32m[1mLinking CXX executable ydlidar_node[0m
[100%] Built target ydlidar_client
[100%] Built target ydlidar_node
-- Install configuration: ""
-- Installing: /home/cat/fishbot_ws/install/ydlidar/lib/ydlidar/ydlidar_node
-- Set runtime path of "/home/cat/fishbot_ws/install/ydlidar/lib/ydlidar/ydlidar_node" to ""
-- Installing: /home/cat/fishbot_ws/install/ydlidar/lib/ydlidar/ydlidar_client
-- Set runtime path of "/home/cat/fishbot_ws/install/ydlidar/lib/ydlidar/ydlidar_client" to ""
-- Installing: /home/cat/fishbot_ws/install/ydlidar/share/ydlidar/launch
-- Installing: /home/cat/fishbot_ws/install/ydlidar/share/ydlidar/launch/ydlidar.py
-- Installing: /home/cat/fishbot_ws/install/ydlidar/share/ydlidar/launch/ydlidar_launch.py
-- Installing: /home/cat/fishbot_ws/install/ydlidar/share/ydlidar/params
-- Installing: /home/cat/fishbot_ws/install/ydlidar/share/ydlidar/params/ydlidar.yaml
-- Installing: /home/cat/fishbot_ws/install/ydlidar/share/ydlidar/startup
-- Installing: /home/cat/fishbot_ws/install/ydlidar/share/ydlidar/startup/initenv.sh
-- Installing: /home/cat/fishbot_ws/install/ydlidar/share/ydlidar/config
-- Installing: /home/cat/fishbot_ws/install/ydlidar/share/ydlidar/config/ydlidar.rviz
-- Installing: /home/cat/fishbot_ws/install/ydlidar/share/ament_index/resource_index/package_run_dependencies/ydlidar
-- Installing: /home/cat/fishbot_ws/install/ydlidar/share/ament_index/resource_index/parent_prefix_path/ydlidar
-- Installing: /home/cat/fishbot_ws/install/ydlidar/share/ydlidar/environment/ament_prefix_path.sh
-- Installing: /home/cat/fishbot_ws/install/ydlidar/share/ydlidar/environment/ament_prefix_path.dsv
-- Installing: /home/cat/fishbot_ws/install/ydlidar/share/ydlidar/environment/path.sh
-- Installing: /home/cat/fishbot_ws/install/ydlidar/share/ydlidar/environment/path.dsv
-- Installing: /home/cat/fishbot_ws/install/ydlidar/share/ydlidar/local_setup.bash
-- Installing: /home/cat/fishbot_ws/install/ydlidar/share/ydlidar/local_setup.sh
-- Installing: /home/cat/fishbot_ws/install/ydlidar/share/ydlidar/local_setup.zsh
-- Installing: /home/cat/fishbot_ws/install/ydlidar/share/ydlidar/local_setup.dsv
-- Installing: /home/cat/fishbot_ws/install/ydlidar/share/ydlidar/package.dsv
-- Installing: /home/cat/fishbot_ws/install/ydlidar/share/ament_index/resource_index/packages/ydlidar
-- Installing: /home/cat/fishbot_ws/install/ydlidar/share/ydlidar/cmake/ydlidarConfig.cmake
-- Installing: /home/cat/fishbot_ws/install/ydlidar/share/ydlidar/cmake/ydlidarConfig-version.cmake
-- Installing: /home/cat/fishbot_ws/install/ydlidar/share/ydlidar/package.xml
