[0.142s] Invoking command in '/home/cat/fishbot_ws/build/fishbot_description': CMAKE_PREFIX_PATH=${CMAKE_PREFIX_PATH}:/home/cat/fishbot_ws/install/ros_serail2wifi:/opt/ros/humble /usr/bin/cmake /home/cat/fishbot_ws/src/fishbot_description -DCMAKE_INSTALL_PREFIX=/home/cat/fishbot_ws/install/fishbot_description
[1.802s] -- The C compiler identification is GNU 11.4.0
[1.803s] -- The CXX compiler identification is GNU 11.4.0
[1.804s] -- Detecting C compiler ABI info
[1.805s] -- Detecting C compiler ABI info - done
[1.806s] -- Check for working C compiler: /usr/bin/cc - skipped
[1.807s] -- Detecting C compile features
[1.809s] -- Detecting C compile features - done
[1.816s] -- Detecting CXX compiler ABI info
[1.820s] -- Detecting CXX compiler ABI info - done
[1.823s] -- Check for working CXX compiler: /usr/bin/c++ - skipped
[1.824s] -- Detecting CXX compile features
[1.825s] -- Detecting CXX compile features - done
[1.830s] -- Found ament_cmake: 1.3.12 (/opt/ros/humble/share/ament_cmake/cmake)
[2.254s] -- Found Python3: /usr/bin/python3 (found version "3.10.12") found components: Interpreter 
[2.863s] -- Found ament_lint_auto: 0.12.14 (/opt/ros/humble/share/ament_lint_auto/cmake)
[3.273s] -- Added test 'lint_cmake' to check CMake code style
[3.277s] -- Added test 'xmllint' to check XML markup files
[3.283s] -- Configuring done
[3.325s] -- Generating done
[3.332s] -- Build files have been written to: /home/cat/fishbot_ws/build/fishbot_description
[3.347s] Invoked command in '/home/cat/fishbot_ws/build/fishbot_description' returned '0': CMAKE_PREFIX_PATH=${CMAKE_PREFIX_PATH}:/home/cat/fishbot_ws/install/ros_serail2wifi:/opt/ros/humble /usr/bin/cmake /home/cat/fishbot_ws/src/fishbot_description -DCMAKE_INSTALL_PREFIX=/home/cat/fishbot_ws/install/fishbot_description
[3.355s] Invoking command in '/home/cat/fishbot_ws/build/fishbot_description': CMAKE_PREFIX_PATH=${CMAKE_PREFIX_PATH}:/home/cat/fishbot_ws/install/ros_serail2wifi:/opt/ros/humble /usr/bin/cmake --build /home/cat/fishbot_ws/build/fishbot_description -- -j8 -l8
[3.604s] Invoked command in '/home/cat/fishbot_ws/build/fishbot_description' returned '0': CMAKE_PREFIX_PATH=${CMAKE_PREFIX_PATH}:/home/cat/fishbot_ws/install/ros_serail2wifi:/opt/ros/humble /usr/bin/cmake --build /home/cat/fishbot_ws/build/fishbot_description -- -j8 -l8
[3.694s] Invoking command in '/home/cat/fishbot_ws/build/fishbot_description': CMAKE_PREFIX_PATH=${CMAKE_PREFIX_PATH}:/home/cat/fishbot_ws/install/ros_serail2wifi:/opt/ros/humble /usr/bin/cmake --install /home/cat/fishbot_ws/build/fishbot_description
[3.742s] -- Install configuration: ""
[3.742s] -- Installing: /home/cat/fishbot_ws/install/fishbot_description/share/fishbot_description/urdf
[3.743s] -- Installing: /home/cat/fishbot_ws/install/fishbot_description/share/fishbot_description/urdf/fishbot.urdf
[3.744s] -- Installing: /home/cat/fishbot_ws/install/fishbot_description/share/ament_index/resource_index/package_run_dependencies/fishbot_description
[3.744s] -- Installing: /home/cat/fishbot_ws/install/fishbot_description/share/ament_index/resource_index/parent_prefix_path/fishbot_description
[3.745s] -- Installing: /home/cat/fishbot_ws/install/fishbot_description/share/fishbot_description/environment/ament_prefix_path.sh
[3.746s] -- Installing: /home/cat/fishbot_ws/install/fishbot_description/share/fishbot_description/environment/ament_prefix_path.dsv
[3.746s] -- Installing: /home/cat/fishbot_ws/install/fishbot_description/share/fishbot_description/environment/path.sh
[3.746s] -- Installing: /home/cat/fishbot_ws/install/fishbot_description/share/fishbot_description/environment/path.dsv
[3.747s] -- Installing: /home/cat/fishbot_ws/install/fishbot_description/share/fishbot_description/local_setup.bash
[3.750s] -- Installing: /home/cat/fishbot_ws/install/fishbot_description/share/fishbot_description/local_setup.sh
[3.752s] -- Installing: /home/cat/fishbot_ws/install/fishbot_description/share/fishbot_description/local_setup.zsh
[3.753s] -- Installing: /home/cat/fishbot_ws/install/fishbot_description/share/fishbot_description/local_setup.dsv
[3.755s] -- Installing: /home/cat/fishbot_ws/install/fishbot_description/share/fishbot_description/package.dsv
[3.757s] -- Installing: /home/cat/fishbot_ws/install/fishbot_description/share/ament_index/resource_index/packages/fishbot_description
[3.759s] -- Installing: /home/cat/fishbot_ws/install/fishbot_description/share/fishbot_description/cmake/fishbot_descriptionConfig.cmake
[3.761s] -- Installing: /home/cat/fishbot_ws/install/fishbot_description/share/fishbot_description/cmake/fishbot_descriptionConfig-version.cmake
[3.762s] -- Installing: /home/cat/fishbot_ws/install/fishbot_description/share/fishbot_description/package.xml
[3.782s] Invoked command in '/home/cat/fishbot_ws/build/fishbot_description' returned '0': CMAKE_PREFIX_PATH=${CMAKE_PREFIX_PATH}:/home/cat/fishbot_ws/install/ros_serail2wifi:/opt/ros/humble /usr/bin/cmake --install /home/cat/fishbot_ws/build/fishbot_description
